<?xml version="1.0" encoding="UTF-8"?>
<testng-results ignored="0" total="1" passed="1" failed="0" skipped="0">
  <reporter-output>
  </reporter-output>
  <suite started-at="2024-10-27T21:58:03 WAT" name="Default suite" finished-at="2024-10-27T21:59:11 WAT" duration-ms="68437">
    <groups>
      <group name="cucumber">
        <method signature="AbstractTestNGCucumberTests.runScenario(io.cucumber.testng.PickleWrapper,io.cucumber.testng.FeatureWrapper)[pri:0, instance:cucumber.Runner@609e8838]" name="runScenario" class="io.cucumber.testng.AbstractTestNGCucumberTests"/>
      </group> <!-- cucumber -->
    </groups>
    <test started-at="2024-10-27T21:58:03 WAT" name="Default test" finished-at="2024-10-27T21:59:11 WAT" duration-ms="68437">
      <class name="cucumber.Runner">
        <test-method is-config="true" signature="setUpClass(org.testng.ITestContext)[pri:0, instance:cucumber.Runner@609e8838]" started-at="2024-10-27T21:58:03 WAT" name="setUpClass" finished-at="2024-10-27T21:58:04 WAT" duration-ms="1243" status="PASS">
          <params>
            <param index="0">
              <value>
                <![CDATA[org.testng.TestRunner@380e1909]]>
              </value>
            </param>
          </params>
          <reporter-output>
          </reporter-output>
        </test-method> <!-- setUpClass -->
        <test-method signature="runScenario(io.cucumber.testng.PickleWrapper,io.cucumber.testng.FeatureWrapper)[pri:0, instance:cucumber.Runner@609e8838]" started-at="2024-10-27T21:58:04 WAT" name="runScenario" description="Runs Cucumber Scenarios" data-provider="scenarios" finished-at="2024-10-27T21:59:11 WAT" duration-ms="66968" status="PASS">
          <params>
            <param index="0">
              <value>
                <![CDATA["Add products to card"]]>
              </value>
            </param>
            <param index="1">
              <value>
                <![CDATA["Add several products to card"]]>
              </value>
            </param>
          </params>
          <reporter-output>
          </reporter-output>
        </test-method> <!-- runScenario -->
        <test-method is-config="true" signature="tearDownClass()[pri:0, instance:cucumber.Runner@609e8838]" started-at="2024-10-27T21:59:11 WAT" name="tearDownClass" finished-at="2024-10-27T21:59:11 WAT" duration-ms="100" status="PASS">
          <reporter-output>
          </reporter-output>
        </test-method> <!-- tearDownClass -->
      </class> <!-- cucumber.Runner -->
    </test> <!-- Default test -->
  </suite> <!-- Default suite -->
</testng-results>
