<?xml version="1.0" encoding="UTF-8"?>
<!-- Generated by org.testng.reporters.JUnitXMLReporter -->
<testsuite ignored="4" hostname="DESKTOP-N8DSVKF" failures="1" tests="1" name="Test" time="43.748" errors="0" timestamp="2024-10-26T23:02:35 WAT">
  <testcase classname="test_Cases.FilterAndSort" name="FilterByPrice" time="26.894">
    <failure type="java.lang.AssertionError" message="expected [true] but found [false]">
      <![CDATA[java.lang.AssertionError: expected [true] but found [false]
at test_Cases.FilterAndSort.FilterByPrice(FilterAndSort.java:66)
at java.base/java.util.concurrent.ThreadPoolExecutor.runWorker(ThreadPoolExecutor.java:1128)
at java.base/java.util.concurrent.ThreadPoolExecutor$Worker.run(ThreadPoolExecutor.java:628)
at java.base/java.lang.Thread.run(Thread.java:834)
... Removed 16 stack frames]]>
    </failure>
  </testcase> <!-- FilterByPrice -->
  <testcase classname="test_Cases.FilterAndSort" name="VerifyItemsInActivFilter" time="0.0">
    <ignored/>
  </testcase> <!-- VerifyItemsInActivFilter -->
  <testcase classname="test_Cases.FilterAndSort" name="SortingByNameFromZToA" time="0.0">
    <ignored/>
  </testcase> <!-- SortingByNameFromZToA -->
  <testcase classname="test_Cases.FilterAndSort" name="SortingByAscendingPrice" time="0.0">
    <ignored/>
  </testcase> <!-- SortingByAscendingPrice -->
  <testcase classname="test_Cases.FilterAndSort" name="FliterCheckBoxes" time="0.0">
    <ignored/>
  </testcase> <!-- FliterCheckBoxes -->
</testsuite> <!-- Test -->
